[1 - Suricata-Main] 2025-11-10 11:44:35 Notice: suricata: This is Suricata version 8.0.1 RELEASE running in SYSTEM mode
[1 - Suricata-Main] 2025-11-10 11:44:35 Info: cpu: CPUs/cores online: 22
[1 - Suricata-Main] 2025-11-10 11:44:35 Info: suricata: Setting engine mode to IDS mode by default
[1 - Suricata-Main] 2025-11-10 11:44:35 Info: exception-policy: master exception-policy set to: auto
[1 - Suricata-Main] 2025-11-10 11:44:35 Info: conf: Running in live mode, activating unix socket
[1 - Suricata-Main] 2025-11-10 11:44:35 Info: logopenfile: fast output device (regular) initialized: fast.log
[1 - Suricata-Main] 2025-11-10 11:44:35 Info: logopenfile: eve-log output device (regular) initialized: eve.json
[1 - Suricata-Main] 2025-11-10 11:44:35 Info: logopenfile: stats output device (regular) initialized: stats.log
[1 - Suricata-Main] 2025-11-10 11:44:35 Warning: detect: No rule files match the pattern /var/lib/suricata/rules/suricata.rules
[1 - Suricata-Main] 2025-11-10 11:44:35 Warning: detect: 1 rule files specified, but no rules were loaded!
[1 - Suricata-Main] 2025-11-10 11:44:35 Info: threshold-config: Threshold config parsed: 0 rule(s) found
[1 - Suricata-Main] 2025-11-10 11:44:35 Info: detect: 0 signatures processed. 0 are IP-only rules, 0 are inspecting packet payload, 0 inspect application layer, 0 are decoder event only
[1 - Suricata-Main] 2025-11-10 11:44:35 Notice: mpm-hs: Rule group caching - loaded: 0 newly cached: 0 total cacheable: 0
[1 - Suricata-Main] 2025-11-10 11:44:35 Info: unix-manager: unix socket '/var/run/suricata/suricata-command.socket'
[1 - Suricata-Main] 2025-11-10 11:44:35 Info: runmodes: eth1: creating 22 threads
[17 - W#01-eth1] 2025-11-10 11:44:35 Info: ioctl: eth1: MTU 9500
[1 - Suricata-Main] 2025-11-10 11:44:34 Error: threads: thread "W#01-eth1" failed to start in time: flags 0002. Total threads: 22. Time budget 82s
[1 - Suricata-Main] 2025-11-10 11:44:35 Notice: suricata: This is Suricata version 8.0.1 RELEASE running in SYSTEM mode
[1 - Suricata-Main] 2025-11-10 11:44:35 Info: cpu: CPUs/cores online: 22
[1 - Suricata-Main] 2025-11-10 11:44:35 Info: suricata: Setting engine mode to IDS mode by default
[1 - Suricata-Main] 2025-11-10 11:44:35 Info: exception-policy: master exception-policy set to: auto
[1 - Suricata-Main] 2025-11-10 11:44:35 Info: conf: Running in live mode, activating unix socket
[1 - Suricata-Main] 2025-11-10 11:44:35 Info: logopenfile: fast output device (regular) initialized: fast.log
[1 - Suricata-Main] 2025-11-10 11:44:35 Info: logopenfile: eve-log output device (regular) initialized: eve.json
[1 - Suricata-Main] 2025-11-10 11:44:35 Info: logopenfile: stats output device (regular) initialized: stats.log
[1 - Suricata-Main] 2025-11-10 11:44:35 Warning: detect: No rule files match the pattern /var/lib/suricata/rules/suricata.rules
[1 - Suricata-Main] 2025-11-10 11:44:35 Warning: detect: 1 rule files specified, but no rules were loaded!
[1 - Suricata-Main] 2025-11-10 11:44:35 Info: threshold-config: Threshold config parsed: 0 rule(s) found
[1 - Suricata-Main] 2025-11-10 11:44:35 Info: detect: 0 signatures processed. 0 are IP-only rules, 0 are inspecting packet payload, 0 inspect application layer, 0 are decoder event only
[1 - Suricata-Main] 2025-11-10 11:44:35 Notice: mpm-hs: Rule group caching - loaded: 0 newly cached: 0 total cacheable: 0
[1 - Suricata-Main] 2025-11-10 11:44:35 Info: unix-manager: unix socket '/var/run/suricata/suricata-command.socket'
[1 - Suricata-Main] 2025-11-10 11:44:35 Info: runmodes: eth1: creating 22 threads
[16 - W#01-eth1] 2025-11-10 11:44:35 Info: ioctl: eth1: MTU 9500
[1 - Suricata-Main] 2025-11-10 11:44:36 Notice: threads: Threads created -> W: 22 FM: 1 FR: 1   Engine started.
[26 - W#11-eth1] 2025-11-10 11:58:21 Warning: af-packet: eth1: failed to poll interface: Network is down
[25 - W#10-eth1] 2025-11-10 11:58:21 Warning: af-packet: eth1: failed to poll interface: Network is down
[23 - W#08-eth1] 2025-11-10 11:58:21 Warning: af-packet: eth1: failed to poll interface: Network is down
[21 - W#06-eth1] 2025-11-10 11:58:21 Warning: af-packet: eth1: failed to poll interface: Network is down
[29 - W#14-eth1] 2025-11-10 11:58:21 Warning: af-packet: eth1: failed to poll interface: Network is down
[28 - W#13-eth1] 2025-11-10 11:58:21 Warning: af-packet: eth1: failed to poll interface: Network is down
[24 - W#09-eth1] 2025-11-10 11:58:21 Warning: af-packet: eth1: failed to poll interface: Network is down
[17 - W#02-eth1] 2025-11-10 11:58:21 Warning: af-packet: eth1: failed to poll interface: Network is down
[16 - W#01-eth1] 2025-11-10 11:58:21 Warning: af-packet: eth1: failed to poll interface: Network is down
[27 - W#12-eth1] 2025-11-10 11:58:21 Warning: af-packet: eth1: failed to poll interface: Network is down
[33 - W#18-eth1] 2025-11-10 11:58:21 Warning: af-packet: eth1: failed to poll interface: Network is down
[32 - W#17-eth1] 2025-11-10 11:58:21 Warning: af-packet: eth1: failed to poll interface: Network is down
[35 - W#20-eth1] 2025-11-10 11:58:21 Warning: af-packet: eth1: failed to poll interface: Network is down
[31 - W#16-eth1] 2025-11-10 11:58:21 Warning: af-packet: eth1: failed to poll interface: Network is down
[34 - W#19-eth1] 2025-11-10 11:58:21 Warning: af-packet: eth1: failed to poll interface: Network is down
[30 - W#15-eth1] 2025-11-10 11:58:21 Warning: af-packet: eth1: failed to poll interface: Network is down
[36 - W#21-eth1] 2025-11-10 11:58:21 Warning: af-packet: eth1: failed to poll interface: Network is down
[18 - W#03-eth1] 2025-11-10 11:58:21 Warning: af-packet: eth1: failed to poll interface: Network is down
[37 - W#22-eth1] 2025-11-10 11:58:21 Warning: af-packet: eth1: failed to poll interface: Network is down
[19 - W#04-eth1] 2025-11-10 11:58:21 Warning: af-packet: eth1: failed to poll interface: Network is down
[20 - W#05-eth1] 2025-11-10 11:58:21 Warning: af-packet: eth1: failed to poll interface: Network is down
[22 - W#07-eth1] 2025-11-10 11:58:21 Warning: af-packet: eth1: failed to poll interface: Network is down
[1 - Suricata-Main] 2025-11-10 12:18:23 Notice: suricata: This is Suricata version 8.0.1 RELEASE running in SYSTEM mode
[1 - Suricata-Main] 2025-11-10 12:18:23 Info: cpu: CPUs/cores online: 22
[1 - Suricata-Main] 2025-11-10 12:18:23 Info: suricata: Setting engine mode to IDS mode by default
[1 - Suricata-Main] 2025-11-10 12:18:23 Info: exception-policy: master exception-policy set to: auto
[1 - Suricata-Main] 2025-11-10 12:18:23 Info: conf: Running in live mode, activating unix socket
[1 - Suricata-Main] 2025-11-10 12:18:23 Info: logopenfile: fast output device (regular) initialized: fast.log
[1 - Suricata-Main] 2025-11-10 12:18:23 Info: logopenfile: eve-log output device (regular) initialized: eve.json
[1 - Suricata-Main] 2025-11-10 12:18:23 Info: logopenfile: stats output device (regular) initialized: stats.log
[1 - Suricata-Main] 2025-11-10 12:18:23 Warning: detect: No rule files match the pattern /var/lib/suricata/rules/suricata.rules
[1 - Suricata-Main] 2025-11-10 12:18:23 Warning: detect: 1 rule files specified, but no rules were loaded!
[1 - Suricata-Main] 2025-11-10 12:18:23 Info: threshold-config: Threshold config parsed: 0 rule(s) found
[1 - Suricata-Main] 2025-11-10 12:18:23 Info: detect: 0 signatures processed. 0 are IP-only rules, 0 are inspecting packet payload, 0 inspect application layer, 0 are decoder event only
[1 - Suricata-Main] 2025-11-10 12:18:23 Notice: mpm-hs: Rule group caching - loaded: 0 newly cached: 0 total cacheable: 0
[1 - Suricata-Main] 2025-11-10 12:18:23 Info: unix-manager: unix socket '/var/run/suricata/suricata-command.socket'
[1 - Suricata-Main] 2025-11-10 12:18:23 Info: runmodes: eth1: creating 22 threads
[17 - W#01-eth1] 2025-11-10 12:18:23 Info: ioctl: eth1: MTU 9500
[1 - Suricata-Main] 2025-11-10 12:18:24 Notice: threads: Threads created -> W: 22 FM: 1 FR: 1   Engine started.
[24 - W#08-eth1] 2025-11-10 12:22:44 Warning: af-packet: eth1: failed to poll interface: Network is down
[21 - W#05-eth1] 2025-11-10 12:22:44 Warning: af-packet: eth1: failed to poll interface: Network is down
[37 - W#21-eth1] 2025-11-10 12:22:44 Warning: af-packet: eth1: failed to poll interface: Network is down
[17 - W#01-eth1] 2025-11-10 12:22:44 Warning: af-packet: eth1: failed to poll interface: Network is down
[38 - W#22-eth1] 2025-11-10 12:22:44 Warning: af-packet: eth1: failed to poll interface: Network is down
[31 - W#15-eth1] 2025-11-10 12:22:44 Warning: af-packet: eth1: failed to poll interface: Network is down
[19 - W#03-eth1] 2025-11-10 12:22:44 Warning: af-packet: eth1: failed to poll interface: Network is down
[22 - W#06-eth1] 2025-11-10 12:22:44 Warning: af-packet: eth1: failed to poll interface: Network is down
[26 - W#10-eth1] 2025-11-10 12:22:44 Warning: af-packet: eth1: failed to poll interface: Network is down
[27 - W#11-eth1] 2025-11-10 12:22:44 Warning: af-packet: eth1: failed to poll interface: Network is down
[30 - W#14-eth1] 2025-11-10 12:22:44 Warning: af-packet: eth1: failed to poll interface: Network is down
[32 - W#16-eth1] 2025-11-10 12:22:44 Warning: af-packet: eth1: failed to poll interface: Network is down
[33 - W#17-eth1] 2025-11-10 12:22:44 Warning: af-packet: eth1: failed to poll interface: Network is down
[34 - W#18-eth1] 2025-11-10 12:22:44 Warning: af-packet: eth1: failed to poll interface: Network is down
[28 - W#12-eth1] 2025-11-10 12:22:44 Warning: af-packet: eth1: failed to poll interface: Network is down
[36 - W#20-eth1] 2025-11-10 12:22:44 Warning: af-packet: eth1: failed to poll interface: Network is down
[18 - W#02-eth1] 2025-11-10 12:22:44 Warning: af-packet: eth1: failed to poll interface: Network is down
[20 - W#04-eth1] 2025-11-10 12:22:44 Warning: af-packet: eth1: failed to poll interface: Network is down
[23 - W#07-eth1] 2025-11-10 12:22:44 Warning: af-packet: eth1: failed to poll interface: Network is down
[29 - W#13-eth1] 2025-11-10 12:22:44 Warning: af-packet: eth1: failed to poll interface: Network is down
[25 - W#09-eth1] 2025-11-10 12:22:44 Warning: af-packet: eth1: failed to poll interface: Network is down
[35 - W#19-eth1] 2025-11-10 12:22:44 Warning: af-packet: eth1: failed to poll interface: Network is down
[1 - Suricata-Main] 2025-11-10 12:22:55 Notice: suricata: This is Suricata version 8.0.1 RELEASE running in SYSTEM mode
[1 - Suricata-Main] 2025-11-10 12:22:55 Info: cpu: CPUs/cores online: 22
[1 - Suricata-Main] 2025-11-10 12:22:55 Info: suricata: Setting engine mode to IDS mode by default
[1 - Suricata-Main] 2025-11-10 12:22:55 Info: exception-policy: master exception-policy set to: auto
[1 - Suricata-Main] 2025-11-10 12:22:56 Info: conf: Running in live mode, activating unix socket
[1 - Suricata-Main] 2025-11-10 12:22:56 Info: logopenfile: fast output device (regular) initialized: fast.log
[1 - Suricata-Main] 2025-11-10 12:22:56 Info: logopenfile: eve-log output device (regular) initialized: eve.json
[1 - Suricata-Main] 2025-11-10 12:22:56 Info: logopenfile: stats output device (regular) initialized: stats.log
[1 - Suricata-Main] 2025-11-10 12:22:56 Warning: detect: No rule files match the pattern /var/lib/suricata/rules/suricata.rules
[1 - Suricata-Main] 2025-11-10 12:22:56 Warning: detect: 1 rule files specified, but no rules were loaded!
[1 - Suricata-Main] 2025-11-10 12:22:56 Info: threshold-config: Threshold config parsed: 0 rule(s) found
[1 - Suricata-Main] 2025-11-10 12:22:56 Info: detect: 0 signatures processed. 0 are IP-only rules, 0 are inspecting packet payload, 0 inspect application layer, 0 are decoder event only
[1 - Suricata-Main] 2025-11-10 12:22:56 Notice: mpm-hs: Rule group caching - loaded: 0 newly cached: 0 total cacheable: 0
[1 - Suricata-Main] 2025-11-10 12:22:56 Info: unix-manager: unix socket '/var/run/suricata/suricata-command.socket'
[1 - Suricata-Main] 2025-11-10 12:22:56 Info: runmodes: eth1: creating 22 threads
[17 - W#01-eth1] 2025-11-10 12:22:56 Info: ioctl: eth1: MTU 9500
[1 - Suricata-Main] 2025-11-10 12:22:57 Notice: threads: Threads created -> W: 22 FM: 1 FR: 1   Engine started.
[17 - W#01-eth1] 2025-11-10 12:28:13 Warning: af-packet: eth1: failed to poll interface: Network is down
[37 - W#21-eth1] 2025-11-10 12:28:13 Warning: af-packet: eth1: failed to poll interface: Network is down
[22 - W#06-eth1] 2025-11-10 12:28:13 Warning: af-packet: eth1: failed to poll interface: Network is down
[23 - W#07-eth1] 2025-11-10 12:28:13 Warning: af-packet: eth1: failed to poll interface: Network is down
[20 - W#04-eth1] 2025-11-10 12:28:13 Warning: af-packet: eth1: failed to poll interface: Network is down
[24 - W#08-eth1] 2025-11-10 12:28:13 Warning: af-packet: eth1: failed to poll interface: Network is down
[21 - W#05-eth1] 2025-11-10 12:28:13 Warning: af-packet: eth1: failed to poll interface: Network is down
[26 - W#10-eth1] 2025-11-10 12:28:13 Warning: af-packet: eth1: failed to poll interface: Network is down
[27 - W#11-eth1] 2025-11-10 12:28:13 Warning: af-packet: eth1: failed to poll interface: Network is down
[29 - W#13-eth1] 2025-11-10 12:28:13 Warning: af-packet: eth1: failed to poll interface: Network is down
[28 - W#12-eth1] 2025-11-10 12:28:13 Warning: af-packet: eth1: failed to poll interface: Network is down
[31 - W#15-eth1] 2025-11-10 12:28:13 Warning: af-packet: eth1: failed to poll interface: Network is down
[30 - W#14-eth1] 2025-11-10 12:28:13 Warning: af-packet: eth1: failed to poll interface: Network is down
[32 - W#16-eth1] 2025-11-10 12:28:13 Warning: af-packet: eth1: failed to poll interface: Network is down
[33 - W#17-eth1] 2025-11-10 12:28:13 Warning: af-packet: eth1: failed to poll interface: Network is down
[34 - W#18-eth1] 2025-11-10 12:28:13 Warning: af-packet: eth1: failed to poll interface: Network is down
[35 - W#19-eth1] 2025-11-10 12:28:13 Warning: af-packet: eth1: failed to poll interface: Network is down
[36 - W#20-eth1] 2025-11-10 12:28:13 Warning: af-packet: eth1: failed to poll interface: Network is down
[38 - W#22-eth1] 2025-11-10 12:28:13 Warning: af-packet: eth1: failed to poll interface: Network is down
[18 - W#02-eth1] 2025-11-10 12:28:13 Warning: af-packet: eth1: failed to poll interface: Network is down
[19 - W#03-eth1] 2025-11-10 12:28:13 Warning: af-packet: eth1: failed to poll interface: Network is down
[25 - W#09-eth1] 2025-11-10 12:28:13 Warning: af-packet: eth1: failed to poll interface: Network is down
[1 - Suricata-Main] 2025-11-10 12:28:23 Notice: suricata: This is Suricata version 8.0.1 RELEASE running in SYSTEM mode
[1 - Suricata-Main] 2025-11-10 12:28:23 Info: cpu: CPUs/cores online: 22
[1 - Suricata-Main] 2025-11-10 12:28:23 Info: suricata: Setting engine mode to IDS mode by default
[1 - Suricata-Main] 2025-11-10 12:28:23 Info: exception-policy: master exception-policy set to: auto
[1 - Suricata-Main] 2025-11-10 12:28:23 Info: conf: Running in live mode, activating unix socket
[1 - Suricata-Main] 2025-11-10 12:28:23 Info: logopenfile: fast output device (regular) initialized: fast.log
[1 - Suricata-Main] 2025-11-10 12:28:23 Info: logopenfile: eve-log output device (regular) initialized: eve.json
[1 - Suricata-Main] 2025-11-10 12:28:23 Info: logopenfile: stats output device (regular) initialized: stats.log
[1 - Suricata-Main] 2025-11-10 12:28:23 Warning: detect: No rule files match the pattern /var/lib/suricata/rules/suricata.rules
[1 - Suricata-Main] 2025-11-10 12:28:23 Warning: detect: 1 rule files specified, but no rules were loaded!
[1 - Suricata-Main] 2025-11-10 12:28:23 Info: threshold-config: Threshold config parsed: 0 rule(s) found
[1 - Suricata-Main] 2025-11-10 12:28:23 Info: detect: 0 signatures processed. 0 are IP-only rules, 0 are inspecting packet payload, 0 inspect application layer, 0 are decoder event only
[1 - Suricata-Main] 2025-11-10 12:28:23 Notice: mpm-hs: Rule group caching - loaded: 0 newly cached: 0 total cacheable: 0
[1 - Suricata-Main] 2025-11-10 12:28:23 Info: unix-manager: unix socket '/var/run/suricata/suricata-command.socket'
[1 - Suricata-Main] 2025-11-10 12:28:23 Error: af-packet: eth1: failed to find interface type: No such device
[1 - Suricata-Main] 2025-11-10 12:28:23 Info: runmodes: eth1: creating 22 threads
[17 - W#01-eth1] 2025-11-10 12:28:23 Info: ioctl: eth1: MTU 9500
[1 - Suricata-Main] 2025-11-10 12:28:24 Notice: threads: Threads created -> W: 22 FM: 1 FR: 1   Engine started.
[17 - W#01-eth1] 2025-11-10 12:33:23 Warning: af-packet: eth1: failed to poll interface: Network is down
[35 - W#19-eth1] 2025-11-10 12:33:23 Warning: af-packet: eth1: failed to poll interface: Network is down
[18 - W#02-eth1] 2025-11-10 12:33:23 Warning: af-packet: eth1: failed to poll interface: Network is down
[20 - W#04-eth1] 2025-11-10 12:33:23 Warning: af-packet: eth1: failed to poll interface: Network is down
[33 - W#17-eth1] 2025-11-10 12:33:23 Warning: af-packet: eth1: failed to poll interface: Network is down
[34 - W#18-eth1] 2025-11-10 12:33:23 Warning: af-packet: eth1: failed to poll interface: Network is down
[38 - W#22-eth1] 2025-11-10 12:33:23 Warning: af-packet: eth1: failed to poll interface: Network is down
[21 - W#05-eth1] 2025-11-10 12:33:23 Warning: af-packet: eth1: failed to poll interface: Network is down
[22 - W#06-eth1] 2025-11-10 12:33:23 Warning: af-packet: eth1: failed to poll interface: Network is down
[23 - W#07-eth1] 2025-11-10 12:33:23 Warning: af-packet: eth1: failed to poll interface: Network is down
[37 - W#21-eth1] 2025-11-10 12:33:23 Warning: af-packet: eth1: failed to poll interface: Network is down
[24 - W#08-eth1] 2025-11-10 12:33:23 Warning: af-packet: eth1: failed to poll interface: Network is down
[26 - W#10-eth1] 2025-11-10 12:33:23 Warning: af-packet: eth1: failed to poll interface: Network is down
[25 - W#09-eth1] 2025-11-10 12:33:23 Warning: af-packet: eth1: failed to poll interface: Network is down
[27 - W#11-eth1] 2025-11-10 12:33:23 Warning: af-packet: eth1: failed to poll interface: Network is down
[28 - W#12-eth1] 2025-11-10 12:33:23 Warning: af-packet: eth1: failed to poll interface: Network is down
[29 - W#13-eth1] 2025-11-10 12:33:23 Warning: af-packet: eth1: failed to poll interface: Network is down
[30 - W#14-eth1] 2025-11-10 12:33:23 Warning: af-packet: eth1: failed to poll interface: Network is down
[36 - W#20-eth1] 2025-11-10 12:33:23 Warning: af-packet: eth1: failed to poll interface: Network is down
[31 - W#15-eth1] 2025-11-10 12:33:23 Warning: af-packet: eth1: failed to poll interface: Network is down
[32 - W#16-eth1] 2025-11-10 12:33:23 Warning: af-packet: eth1: failed to poll interface: Network is down
[19 - W#03-eth1] 2025-11-10 12:33:23 Warning: af-packet: eth1: failed to poll interface: Network is down
[1 - Suricata-Main] 2025-11-10 12:33:35 Notice: suricata: This is Suricata version 8.0.1 RELEASE running in SYSTEM mode
[1 - Suricata-Main] 2025-11-10 12:33:35 Info: cpu: CPUs/cores online: 22
[1 - Suricata-Main] 2025-11-10 12:33:35 Info: suricata: Setting engine mode to IDS mode by default
[1 - Suricata-Main] 2025-11-10 12:33:35 Info: exception-policy: master exception-policy set to: auto
[1 - Suricata-Main] 2025-11-10 12:33:35 Info: conf: Running in live mode, activating unix socket
[1 - Suricata-Main] 2025-11-10 12:33:35 Info: logopenfile: fast output device (regular) initialized: fast.log
[1 - Suricata-Main] 2025-11-10 12:33:35 Info: logopenfile: eve-log output device (regular) initialized: eve.json
[1 - Suricata-Main] 2025-11-10 12:33:35 Info: logopenfile: stats output device (regular) initialized: stats.log
[1 - Suricata-Main] 2025-11-10 12:33:35 Warning: detect: No rule files match the pattern /var/lib/suricata/rules/suricata.rules
[1 - Suricata-Main] 2025-11-10 12:33:35 Warning: detect: 1 rule files specified, but no rules were loaded!
[1 - Suricata-Main] 2025-11-10 12:33:35 Info: threshold-config: Threshold config parsed: 0 rule(s) found
[1 - Suricata-Main] 2025-11-10 12:33:35 Info: detect: 0 signatures processed. 0 are IP-only rules, 0 are inspecting packet payload, 0 inspect application layer, 0 are decoder event only
[1 - Suricata-Main] 2025-11-10 12:33:35 Notice: mpm-hs: Rule group caching - loaded: 0 newly cached: 0 total cacheable: 0
[1 - Suricata-Main] 2025-11-10 12:33:35 Info: unix-manager: unix socket '/var/run/suricata/suricata-command.socket'
[1 - Suricata-Main] 2025-11-10 12:33:35 Info: runmodes: eth1: creating 22 threads
[16 - W#01-eth1] 2025-11-10 12:33:35 Info: ioctl: eth1: MTU 9500
[1 - Suricata-Main] 2025-11-10 12:33:36 Notice: threads: Threads created -> W: 22 FM: 1 FR: 1   Engine started.
[16 - W#01-eth1] 2025-11-10 12:39:38 Warning: af-packet: eth1: failed to poll interface: Network is down
[19 - W#04-eth1] 2025-11-10 12:39:38 Warning: af-packet: eth1: failed to poll interface: Network is down
[22 - W#07-eth1] 2025-11-10 12:39:38 Warning: af-packet: eth1: failed to poll interface: Network is down
[23 - W#08-eth1] 2025-11-10 12:39:38 Warning: af-packet: eth1: failed to poll interface: Network is down
[20 - W#05-eth1] 2025-11-10 12:39:38 Warning: af-packet: eth1: failed to poll interface: Network is down
[26 - W#11-eth1] 2025-11-10 12:39:38 Warning: af-packet: eth1: failed to poll interface: Network is down
[24 - W#09-eth1] 2025-11-10 12:39:38 Warning: af-packet: eth1: failed to poll interface: Network is down
[27 - W#12-eth1] 2025-11-10 12:39:38 Warning: af-packet: eth1: failed to poll interface: Network is down
[25 - W#10-eth1] 2025-11-10 12:39:38 Warning: af-packet: eth1: failed to poll interface: Network is down
[33 - W#18-eth1] 2025-11-10 12:39:38 Warning: af-packet: eth1: failed to poll interface: Network is down
[34 - W#19-eth1] 2025-11-10 12:39:38 Warning: af-packet: eth1: failed to poll interface: Network is down
[28 - W#13-eth1] 2025-11-10 12:39:38 Warning: af-packet: eth1: failed to poll interface: Network is down
[30 - W#15-eth1] 2025-11-10 12:39:38 Warning: af-packet: eth1: failed to poll interface: Network is down
[18 - W#03-eth1] 2025-11-10 12:39:38 Warning: af-packet: eth1: failed to poll interface: Network is down
[32 - W#17-eth1] 2025-11-10 12:39:38 Warning: af-packet: eth1: failed to poll interface: Network is down
[36 - W#21-eth1] 2025-11-10 12:39:38 Warning: af-packet: eth1: failed to poll interface: Network is down
[35 - W#20-eth1] 2025-11-10 12:39:38 Warning: af-packet: eth1: failed to poll interface: Network is down
[17 - W#02-eth1] 2025-11-10 12:39:38 Warning: af-packet: eth1: failed to poll interface: Network is down
[21 - W#06-eth1] 2025-11-10 12:39:38 Warning: af-packet: eth1: failed to poll interface: Network is down
[29 - W#14-eth1] 2025-11-10 12:39:38 Warning: af-packet: eth1: failed to poll interface: Network is down
[37 - W#22-eth1] 2025-11-10 12:39:38 Warning: af-packet: eth1: failed to poll interface: Network is down
[31 - W#16-eth1] 2025-11-10 12:39:38 Warning: af-packet: eth1: failed to poll interface: Network is down
[1 - Suricata-Main] 2025-11-10 12:41:16 Notice: suricata: This is Suricata version 8.0.1 RELEASE running in SYSTEM mode
[1 - Suricata-Main] 2025-11-10 12:41:16 Info: cpu: CPUs/cores online: 22
[1 - Suricata-Main] 2025-11-10 12:41:16 Info: suricata: Setting engine mode to IDS mode by default
[1 - Suricata-Main] 2025-11-10 12:41:16 Info: exception-policy: master exception-policy set to: auto
[1 - Suricata-Main] 2025-11-10 12:41:17 Info: conf: Running in live mode, activating unix socket
[1 - Suricata-Main] 2025-11-10 12:41:17 Info: logopenfile: fast output device (regular) initialized: fast.log
[1 - Suricata-Main] 2025-11-10 12:41:17 Info: logopenfile: eve-log output device (regular) initialized: eve.json
[1 - Suricata-Main] 2025-11-10 12:41:17 Info: logopenfile: stats output device (regular) initialized: stats.log
[1 - Suricata-Main] 2025-11-10 12:41:17 Warning: detect: No rule files match the pattern /var/lib/suricata/rules/suricata.rules
[1 - Suricata-Main] 2025-11-10 12:41:17 Warning: detect: 1 rule files specified, but no rules were loaded!
[1 - Suricata-Main] 2025-11-10 12:41:17 Info: threshold-config: Threshold config parsed: 0 rule(s) found
[1 - Suricata-Main] 2025-11-10 12:41:17 Info: detect: 0 signatures processed. 0 are IP-only rules, 0 are inspecting packet payload, 0 inspect application layer, 0 are decoder event only
[1 - Suricata-Main] 2025-11-10 12:41:17 Notice: mpm-hs: Rule group caching - loaded: 0 newly cached: 0 total cacheable: 0
[1 - Suricata-Main] 2025-11-10 12:41:17 Info: unix-manager: unix socket '/var/run/suricata/suricata-command.socket'
[1 - Suricata-Main] 2025-11-10 12:41:17 Error: af-packet: eth1: failed to find interface type: No such device
[1 - Suricata-Main] 2025-11-10 12:41:17 Info: runmodes: eth1: creating 22 threads
[16 - W#01-eth1] 2025-11-10 12:41:17 Warning: af-packet: eth1: interface is down
[16 - W#01-eth1] 2025-11-10 12:41:17 Warning: af-packet: eth1: failed to init socket for interface, retrying soon
[16 - W#01-eth1] 2025-11-10 12:41:17 Info: ioctl: eth1: MTU 9500
[16 - W#01-eth1] 2025-11-10 12:41:17 Info: af-packet: eth1: interface is back up
[16 - W#01-eth1] 2025-11-10 12:42:24 Warning: af-packet: eth1: failed to poll interface: Network is down
[1 - Suricata-Main] 2025-11-10 12:42:36 Notice: suricata: This is Suricata version 8.0.1 RELEASE running in SYSTEM mode
[1 - Suricata-Main] 2025-11-10 12:42:36 Info: cpu: CPUs/cores online: 22
[1 - Suricata-Main] 2025-11-10 12:42:36 Info: suricata: Setting engine mode to IDS mode by default
[1 - Suricata-Main] 2025-11-10 12:42:36 Info: exception-policy: master exception-policy set to: auto
[1 - Suricata-Main] 2025-11-10 12:42:36 Info: conf: Running in live mode, activating unix socket
[1 - Suricata-Main] 2025-11-10 12:42:36 Info: logopenfile: fast output device (regular) initialized: fast.log
[1 - Suricata-Main] 2025-11-10 12:42:36 Info: logopenfile: eve-log output device (regular) initialized: eve.json
[1 - Suricata-Main] 2025-11-10 12:42:36 Info: logopenfile: stats output device (regular) initialized: stats.log
[1 - Suricata-Main] 2025-11-10 12:42:36 Warning: detect: No rule files match the pattern /var/lib/suricata/rules/suricata.rules
[1 - Suricata-Main] 2025-11-10 12:42:36 Warning: detect: 1 rule files specified, but no rules were loaded!
[1 - Suricata-Main] 2025-11-10 12:42:36 Info: threshold-config: Threshold config parsed: 0 rule(s) found
[1 - Suricata-Main] 2025-11-10 12:42:36 Info: detect: 0 signatures processed. 0 are IP-only rules, 0 are inspecting packet payload, 0 inspect application layer, 0 are decoder event only
[1 - Suricata-Main] 2025-11-10 12:42:36 Notice: mpm-hs: Rule group caching - loaded: 0 newly cached: 0 total cacheable: 0
[1 - Suricata-Main] 2025-11-10 12:42:36 Info: unix-manager: unix socket '/var/run/suricata/suricata-command.socket'
[1 - Suricata-Main] 2025-11-10 12:42:36 Info: runmodes: eth1: creating 22 threads
[17 - W#01-eth1] 2025-11-10 12:42:36 Info: ioctl: eth1: MTU 9500
[1 - Suricata-Main] 2025-11-10 12:42:37 Notice: threads: Threads created -> W: 22 FM: 1 FR: 1   Engine started.
[19 - W#03-eth1] 2025-11-10 12:44:34 Warning: af-packet: eth1: failed to poll interface: Network is down
[20 - W#04-eth1] 2025-11-10 12:44:34 Warning: af-packet: eth1: failed to poll interface: Network is down
[17 - W#01-eth1] 2025-11-10 12:44:34 Warning: af-packet: eth1: failed to poll interface: Network is down
[21 - W#05-eth1] 2025-11-10 12:44:34 Warning: af-packet: eth1: failed to poll interface: Network is down
[22 - W#06-eth1] 2025-11-10 12:44:34 Warning: af-packet: eth1: failed to poll interface: Network is down
[18 - W#02-eth1] 2025-11-10 12:44:34 Warning: af-packet: eth1: failed to poll interface: Network is down
[23 - W#07-eth1] 2025-11-10 12:44:34 Warning: af-packet: eth1: failed to poll interface: Network is down
[28 - W#12-eth1] 2025-11-10 12:44:34 Warning: af-packet: eth1: failed to poll interface: Network is down
[24 - W#08-eth1] 2025-11-10 12:44:34 Warning: af-packet: eth1: failed to poll interface: Network is down
[25 - W#09-eth1] 2025-11-10 12:44:34 Warning: af-packet: eth1: failed to poll interface: Network is down
[31 - W#15-eth1] 2025-11-10 12:44:34 Warning: af-packet: eth1: failed to poll interface: Network is down
[26 - W#10-eth1] 2025-11-10 12:44:34 Warning: af-packet: eth1: failed to poll interface: Network is down
[27 - W#11-eth1] 2025-11-10 12:44:34 Warning: af-packet: eth1: failed to poll interface: Network is down
[29 - W#13-eth1] 2025-11-10 12:44:34 Warning: af-packet: eth1: failed to poll interface: Network is down
[30 - W#14-eth1] 2025-11-10 12:44:34 Warning: af-packet: eth1: failed to poll interface: Network is down
[32 - W#16-eth1] 2025-11-10 12:44:34 Warning: af-packet: eth1: failed to poll interface: Network is down
[34 - W#18-eth1] 2025-11-10 12:44:34 Warning: af-packet: eth1: failed to poll interface: Network is down
[35 - W#19-eth1] 2025-11-10 12:44:34 Warning: af-packet: eth1: failed to poll interface: Network is down
[33 - W#17-eth1] 2025-11-10 12:44:34 Warning: af-packet: eth1: failed to poll interface: Network is down
[36 - W#20-eth1] 2025-11-10 12:44:34 Warning: af-packet: eth1: failed to poll interface: Network is down
[38 - W#22-eth1] 2025-11-10 12:44:34 Warning: af-packet: eth1: failed to poll interface: Network is down
[37 - W#21-eth1] 2025-11-10 12:44:34 Warning: af-packet: eth1: failed to poll interface: Network is down
[1 - Suricata-Main] 2025-11-10 12:44:46 Notice: suricata: This is Suricata version 8.0.1 RELEASE running in SYSTEM mode
[1 - Suricata-Main] 2025-11-10 12:44:46 Info: cpu: CPUs/cores online: 22
[1 - Suricata-Main] 2025-11-10 12:44:47 Info: suricata: Setting engine mode to IDS mode by default
[1 - Suricata-Main] 2025-11-10 12:44:47 Info: exception-policy: master exception-policy set to: auto
[1 - Suricata-Main] 2025-11-10 12:44:47 Info: conf: Running in live mode, activating unix socket
[1 - Suricata-Main] 2025-11-10 12:44:47 Info: logopenfile: fast output device (regular) initialized: fast.log
[1 - Suricata-Main] 2025-11-10 12:44:47 Info: logopenfile: eve-log output device (regular) initialized: eve.json
[1 - Suricata-Main] 2025-11-10 12:44:47 Info: logopenfile: stats output device (regular) initialized: stats.log
[1 - Suricata-Main] 2025-11-10 12:44:47 Warning: detect: No rule files match the pattern /var/lib/suricata/rules/suricata.rules
[1 - Suricata-Main] 2025-11-10 12:44:47 Warning: detect: 1 rule files specified, but no rules were loaded!
[1 - Suricata-Main] 2025-11-10 12:44:47 Info: threshold-config: Threshold config parsed: 0 rule(s) found
[1 - Suricata-Main] 2025-11-10 12:44:47 Info: detect: 0 signatures processed. 0 are IP-only rules, 0 are inspecting packet payload, 0 inspect application layer, 0 are decoder event only
[1 - Suricata-Main] 2025-11-10 12:44:47 Notice: mpm-hs: Rule group caching - loaded: 0 newly cached: 0 total cacheable: 0
[1 - Suricata-Main] 2025-11-10 12:44:47 Info: unix-manager: unix socket '/var/run/suricata/suricata-command.socket'
[1 - Suricata-Main] 2025-11-10 12:44:47 Error: af-packet: eth1: failed to find interface type: No such device
[1 - Suricata-Main] 2025-11-10 12:44:47 Info: runmodes: eth1: creating 22 threads
[17 - W#01-eth1] 2025-11-10 12:44:47 Info: ioctl: eth1: MTU 9500
[1 - Suricata-Main] 2025-11-10 12:44:48 Notice: threads: Threads created -> W: 22 FM: 1 FR: 1   Engine started.
[21 - W#05-eth1] 2025-11-10 12:45:55 Warning: af-packet: eth1: failed to poll interface: Network is down
[20 - W#04-eth1] 2025-11-10 12:45:55 Warning: af-packet: eth1: failed to poll interface: Network is down
[19 - W#03-eth1] 2025-11-10 12:45:55 Warning: af-packet: eth1: failed to poll interface: Network is down
[22 - W#06-eth1] 2025-11-10 12:45:55 Warning: af-packet: eth1: failed to poll interface: Network is down
[29 - W#13-eth1] 2025-11-10 12:45:55 Warning: af-packet: eth1: failed to poll interface: Network is down
[34 - W#18-eth1] 2025-11-10 12:45:55 Warning: af-packet: eth1: failed to poll interface: Network is down
[25 - W#09-eth1] 2025-11-10 12:45:55 Warning: af-packet: eth1: failed to poll interface: Network is down
[31 - W#15-eth1] 2025-11-10 12:45:55 Warning: af-packet: eth1: failed to poll interface: Network is down
[18 - W#02-eth1] 2025-11-10 12:45:55 Warning: af-packet: eth1: failed to poll interface: Network is down
[30 - W#14-eth1] 2025-11-10 12:45:55 Warning: af-packet: eth1: failed to poll interface: Network is down
[28 - W#12-eth1] 2025-11-10 12:45:55 Warning: af-packet: eth1: failed to poll interface: Network is down
[23 - W#07-eth1] 2025-11-10 12:45:55 Warning: af-packet: eth1: failed to poll interface: Network is down
[35 - W#19-eth1] 2025-11-10 12:45:55 Warning: af-packet: eth1: failed to poll interface: Network is down
[17 - W#01-eth1] 2025-11-10 12:45:55 Warning: af-packet: eth1: failed to poll interface: Network is down
[36 - W#20-eth1] 2025-11-10 12:45:55 Warning: af-packet: eth1: failed to poll interface: Network is down
[33 - W#17-eth1] 2025-11-10 12:45:55 Warning: af-packet: eth1: failed to poll interface: Network is down
[26 - W#10-eth1] 2025-11-10 12:45:55 Warning: af-packet: eth1: failed to poll interface: Network is down
[24 - W#08-eth1] 2025-11-10 12:45:55 Warning: af-packet: eth1: failed to poll interface: Network is down
[27 - W#11-eth1] 2025-11-10 12:45:55 Warning: af-packet: eth1: failed to poll interface: Network is down
[37 - W#21-eth1] 2025-11-10 12:45:55 Warning: af-packet: eth1: failed to poll interface: Network is down
[32 - W#16-eth1] 2025-11-10 12:45:55 Warning: af-packet: eth1: failed to poll interface: Network is down
[38 - W#22-eth1] 2025-11-10 12:45:55 Warning: af-packet: eth1: failed to poll interface: Network is down
[1 - Suricata-Main] 2025-11-10 12:46:01 Notice: suricata: This is Suricata version 8.0.1 RELEASE running in SYSTEM mode
[1 - Suricata-Main] 2025-11-10 12:46:01 Info: cpu: CPUs/cores online: 22
[1 - Suricata-Main] 2025-11-10 12:46:01 Info: suricata: Setting engine mode to IDS mode by default
[1 - Suricata-Main] 2025-11-10 12:46:01 Info: exception-policy: master exception-policy set to: auto
[1 - Suricata-Main] 2025-11-10 12:46:01 Info: conf: Running in live mode, activating unix socket
[1 - Suricata-Main] 2025-11-10 12:46:01 Info: logopenfile: fast output device (regular) initialized: fast.log
[1 - Suricata-Main] 2025-11-10 12:46:01 Info: logopenfile: eve-log output device (regular) initialized: eve.json
[1 - Suricata-Main] 2025-11-10 12:46:01 Info: logopenfile: stats output device (regular) initialized: stats.log
[1 - Suricata-Main] 2025-11-10 12:46:01 Warning: detect: No rule files match the pattern /var/lib/suricata/rules/suricata.rules
[1 - Suricata-Main] 2025-11-10 12:46:01 Warning: detect: 1 rule files specified, but no rules were loaded!
[1 - Suricata-Main] 2025-11-10 12:46:01 Info: threshold-config: Threshold config parsed: 0 rule(s) found
[1 - Suricata-Main] 2025-11-10 12:46:01 Info: detect: 0 signatures processed. 0 are IP-only rules, 0 are inspecting packet payload, 0 inspect application layer, 0 are decoder event only
[1 - Suricata-Main] 2025-11-10 12:46:01 Notice: mpm-hs: Rule group caching - loaded: 0 newly cached: 0 total cacheable: 0
[1 - Suricata-Main] 2025-11-10 12:46:01 Info: unix-manager: unix socket '/var/run/suricata/suricata-command.socket'
[1 - Suricata-Main] 2025-11-10 12:46:01 Error: af-packet: eth1: failed to find interface type: No such device
[1 - Suricata-Main] 2025-11-10 12:46:01 Info: runmodes: eth1: creating 22 threads
[18 - W#01-eth1] 2025-11-10 12:46:01 Warning: af-packet: eth1: interface is down
[18 - W#01-eth1] 2025-11-10 12:46:01 Warning: af-packet: eth1: failed to init socket for interface, retrying soon
[18 - W#01-eth1] 2025-11-10 12:46:02 Info: ioctl: eth1: MTU 9500
[18 - W#01-eth1] 2025-11-10 12:46:02 Info: af-packet: eth1: interface is back up
[1 - Suricata-Main] 2025-11-10 12:47:24 Error: threads: thread "W#02-eth1" failed to start in time: flags 0002. Total threads: 22. Time budget 82s
[1 - Suricata-Main] 2025-11-10 12:47:24 Notice: suricata: This is Suricata version 8.0.1 RELEASE running in SYSTEM mode
[1 - Suricata-Main] 2025-11-10 12:47:24 Info: cpu: CPUs/cores online: 22
[1 - Suricata-Main] 2025-11-10 12:47:24 Info: suricata: Setting engine mode to IDS mode by default
[1 - Suricata-Main] 2025-11-10 12:47:24 Info: exception-policy: master exception-policy set to: auto
[1 - Suricata-Main] 2025-11-10 12:47:24 Info: conf: Running in live mode, activating unix socket
[1 - Suricata-Main] 2025-11-10 12:47:24 Info: logopenfile: fast output device (regular) initialized: fast.log
[1 - Suricata-Main] 2025-11-10 12:47:24 Info: logopenfile: eve-log output device (regular) initialized: eve.json
[1 - Suricata-Main] 2025-11-10 12:47:24 Info: logopenfile: stats output device (regular) initialized: stats.log
[1 - Suricata-Main] 2025-11-10 12:47:24 Warning: detect: No rule files match the pattern /var/lib/suricata/rules/suricata.rules
[1 - Suricata-Main] 2025-11-10 12:47:24 Warning: detect: 1 rule files specified, but no rules were loaded!
[1 - Suricata-Main] 2025-11-10 12:47:24 Info: threshold-config: Threshold config parsed: 0 rule(s) found
[1 - Suricata-Main] 2025-11-10 12:47:24 Info: detect: 0 signatures processed. 0 are IP-only rules, 0 are inspecting packet payload, 0 inspect application layer, 0 are decoder event only
[1 - Suricata-Main] 2025-11-10 12:47:24 Notice: mpm-hs: Rule group caching - loaded: 0 newly cached: 0 total cacheable: 0
[1 - Suricata-Main] 2025-11-10 12:47:24 Info: unix-manager: unix socket '/var/run/suricata/suricata-command.socket'
[1 - Suricata-Main] 2025-11-10 12:47:24 Error: af-packet: eth1: failed to find interface type: No such device
[1 - Suricata-Main] 2025-11-10 12:47:24 Info: runmodes: eth1: creating 22 threads
[17 - W#01-eth1] 2025-11-10 12:47:24 Error: af-packet: eth1: failed to find interface: No such device
[17 - W#01-eth1] 2025-11-10 12:47:24 Error: af-packet: eth1: failed to init socket for interface
[1 - Suricata-Main] 2025-11-10 12:47:24 Error: threads: thread "W#01-eth1" failed to start: flags 0422
[1 - Suricata-Main] 2025-11-10 12:47:25 Notice: suricata: This is Suricata version 8.0.1 RELEASE running in SYSTEM mode
[1 - Suricata-Main] 2025-11-10 12:47:25 Info: cpu: CPUs/cores online: 22
[1 - Suricata-Main] 2025-11-10 12:47:25 Info: suricata: Setting engine mode to IDS mode by default
[1 - Suricata-Main] 2025-11-10 12:47:25 Info: exception-policy: master exception-policy set to: auto
[1 - Suricata-Main] 2025-11-10 12:47:25 Info: conf: Running in live mode, activating unix socket
[1 - Suricata-Main] 2025-11-10 12:47:25 Info: logopenfile: fast output device (regular) initialized: fast.log
[1 - Suricata-Main] 2025-11-10 12:47:25 Info: logopenfile: eve-log output device (regular) initialized: eve.json
[1 - Suricata-Main] 2025-11-10 12:47:25 Info: logopenfile: stats output device (regular) initialized: stats.log
[1 - Suricata-Main] 2025-11-10 12:47:25 Warning: detect: No rule files match the pattern /var/lib/suricata/rules/suricata.rules
[1 - Suricata-Main] 2025-11-10 12:47:25 Warning: detect: 1 rule files specified, but no rules were loaded!
[1 - Suricata-Main] 2025-11-10 12:47:25 Info: threshold-config: Threshold config parsed: 0 rule(s) found
[1 - Suricata-Main] 2025-11-10 12:47:25 Info: detect: 0 signatures processed. 0 are IP-only rules, 0 are inspecting packet payload, 0 inspect application layer, 0 are decoder event only
[1 - Suricata-Main] 2025-11-10 12:47:25 Notice: mpm-hs: Rule group caching - loaded: 0 newly cached: 0 total cacheable: 0
[1 - Suricata-Main] 2025-11-10 12:47:25 Info: unix-manager: unix socket '/var/run/suricata/suricata-command.socket'
[1 - Suricata-Main] 2025-11-10 12:47:25 Error: af-packet: eth1: failed to find interface type: No such device
[1 - Suricata-Main] 2025-11-10 12:47:25 Info: runmodes: eth1: creating 22 threads
[17 - W#01-eth1] 2025-11-10 12:47:25 Error: af-packet: eth1: failed to find interface: No such device
[17 - W#01-eth1] 2025-11-10 12:47:25 Error: af-packet: eth1: failed to init socket for interface
[1 - Suricata-Main] 2025-11-10 12:47:25 Error: threads: thread "W#01-eth1" failed to start: flags 0422
[1 - Suricata-Main] 2025-11-10 12:47:26 Notice: suricata: This is Suricata version 8.0.1 RELEASE running in SYSTEM mode
[1 - Suricata-Main] 2025-11-10 12:47:26 Info: cpu: CPUs/cores online: 22
[1 - Suricata-Main] 2025-11-10 12:47:26 Info: suricata: Setting engine mode to IDS mode by default
[1 - Suricata-Main] 2025-11-10 12:47:26 Info: exception-policy: master exception-policy set to: auto
[1 - Suricata-Main] 2025-11-10 12:47:26 Info: conf: Running in live mode, activating unix socket
[1 - Suricata-Main] 2025-11-10 12:47:26 Info: logopenfile: fast output device (regular) initialized: fast.log
[1 - Suricata-Main] 2025-11-10 12:47:26 Info: logopenfile: eve-log output device (regular) initialized: eve.json
[1 - Suricata-Main] 2025-11-10 12:47:26 Info: logopenfile: stats output device (regular) initialized: stats.log
[1 - Suricata-Main] 2025-11-10 12:47:26 Warning: detect: No rule files match the pattern /var/lib/suricata/rules/suricata.rules
[1 - Suricata-Main] 2025-11-10 12:47:26 Warning: detect: 1 rule files specified, but no rules were loaded!
[1 - Suricata-Main] 2025-11-10 12:47:26 Info: threshold-config: Threshold config parsed: 0 rule(s) found
[1 - Suricata-Main] 2025-11-10 12:47:26 Info: detect: 0 signatures processed. 0 are IP-only rules, 0 are inspecting packet payload, 0 inspect application layer, 0 are decoder event only
[1 - Suricata-Main] 2025-11-10 12:47:26 Notice: mpm-hs: Rule group caching - loaded: 0 newly cached: 0 total cacheable: 0
[1 - Suricata-Main] 2025-11-10 12:47:26 Info: unix-manager: unix socket '/var/run/suricata/suricata-command.socket'
[1 - Suricata-Main] 2025-11-10 12:47:26 Error: af-packet: eth1: failed to find interface type: No such device
[1 - Suricata-Main] 2025-11-10 12:47:26 Info: runmodes: eth1: creating 22 threads
[17 - W#01-eth1] 2025-11-10 12:47:26 Error: af-packet: eth1: failed to find interface: No such device
[17 - W#01-eth1] 2025-11-10 12:47:27 Error: af-packet: eth1: failed to init socket for interface
[1 - Suricata-Main] 2025-11-10 12:47:27 Error: threads: thread "W#01-eth1" failed to start: flags 0422
[1 - Suricata-Main] 2025-11-10 12:47:28 Notice: suricata: This is Suricata version 8.0.1 RELEASE running in SYSTEM mode
[1 - Suricata-Main] 2025-11-10 12:47:28 Info: cpu: CPUs/cores online: 22
[1 - Suricata-Main] 2025-11-10 12:47:28 Info: suricata: Setting engine mode to IDS mode by default
[1 - Suricata-Main] 2025-11-10 12:47:28 Info: exception-policy: master exception-policy set to: auto
[1 - Suricata-Main] 2025-11-10 12:47:28 Info: conf: Running in live mode, activating unix socket
[1 - Suricata-Main] 2025-11-10 12:47:28 Info: logopenfile: fast output device (regular) initialized: fast.log
[1 - Suricata-Main] 2025-11-10 12:47:28 Info: logopenfile: eve-log output device (regular) initialized: eve.json
[1 - Suricata-Main] 2025-11-10 12:47:28 Info: logopenfile: stats output device (regular) initialized: stats.log
[1 - Suricata-Main] 2025-11-10 12:47:28 Warning: detect: No rule files match the pattern /var/lib/suricata/rules/suricata.rules
[1 - Suricata-Main] 2025-11-10 12:47:28 Warning: detect: 1 rule files specified, but no rules were loaded!
[1 - Suricata-Main] 2025-11-10 12:47:28 Info: threshold-config: Threshold config parsed: 0 rule(s) found
[1 - Suricata-Main] 2025-11-10 12:47:28 Info: detect: 0 signatures processed. 0 are IP-only rules, 0 are inspecting packet payload, 0 inspect application layer, 0 are decoder event only
[1 - Suricata-Main] 2025-11-10 12:47:28 Notice: mpm-hs: Rule group caching - loaded: 0 newly cached: 0 total cacheable: 0
[1 - Suricata-Main] 2025-11-10 12:47:28 Info: unix-manager: unix socket '/var/run/suricata/suricata-command.socket'
[1 - Suricata-Main] 2025-11-10 12:47:28 Error: af-packet: eth1: failed to find interface type: No such device
[1 - Suricata-Main] 2025-11-10 12:47:28 Info: runmodes: eth1: creating 22 threads
[17 - W#01-eth1] 2025-11-10 12:47:28 Error: af-packet: eth1: failed to find interface: No such device
[17 - W#01-eth1] 2025-11-10 12:47:28 Error: af-packet: eth1: failed to init socket for interface
[1 - Suricata-Main] 2025-11-10 12:47:28 Error: threads: thread "W#01-eth1" failed to start: flags 0422
[1 - Suricata-Main] 2025-11-10 12:47:30 Notice: suricata: This is Suricata version 8.0.1 RELEASE running in SYSTEM mode
[1 - Suricata-Main] 2025-11-10 12:47:30 Info: cpu: CPUs/cores online: 22
[1 - Suricata-Main] 2025-11-10 12:47:30 Info: suricata: Setting engine mode to IDS mode by default
[1 - Suricata-Main] 2025-11-10 12:47:30 Info: exception-policy: master exception-policy set to: auto
[1 - Suricata-Main] 2025-11-10 12:47:30 Info: conf: Running in live mode, activating unix socket
[1 - Suricata-Main] 2025-11-10 12:47:30 Info: logopenfile: fast output device (regular) initialized: fast.log
[1 - Suricata-Main] 2025-11-10 12:47:30 Info: logopenfile: eve-log output device (regular) initialized: eve.json
[1 - Suricata-Main] 2025-11-10 12:47:30 Info: logopenfile: stats output device (regular) initialized: stats.log
[1 - Suricata-Main] 2025-11-10 12:47:30 Warning: detect: No rule files match the pattern /var/lib/suricata/rules/suricata.rules
[1 - Suricata-Main] 2025-11-10 12:47:30 Warning: detect: 1 rule files specified, but no rules were loaded!
[1 - Suricata-Main] 2025-11-10 12:47:30 Info: threshold-config: Threshold config parsed: 0 rule(s) found
[1 - Suricata-Main] 2025-11-10 12:47:30 Info: detect: 0 signatures processed. 0 are IP-only rules, 0 are inspecting packet payload, 0 inspect application layer, 0 are decoder event only
[1 - Suricata-Main] 2025-11-10 12:47:30 Notice: mpm-hs: Rule group caching - loaded: 0 newly cached: 0 total cacheable: 0
[1 - Suricata-Main] 2025-11-10 12:47:30 Info: unix-manager: unix socket '/var/run/suricata/suricata-command.socket'
[1 - Suricata-Main] 2025-11-10 12:47:30 Error: af-packet: eth1: failed to find interface type: No such device
[1 - Suricata-Main] 2025-11-10 12:47:30 Info: runmodes: eth1: creating 22 threads
[17 - W#01-eth1] 2025-11-10 12:47:30 Error: af-packet: eth1: failed to find interface: No such device
[17 - W#01-eth1] 2025-11-10 12:47:30 Error: af-packet: eth1: failed to init socket for interface
[1 - Suricata-Main] 2025-11-10 12:47:30 Error: threads: thread "W#01-eth1" failed to start: flags 0022
[1 - Suricata-Main] 2025-11-10 12:47:34 Notice: suricata: This is Suricata version 8.0.1 RELEASE running in SYSTEM mode
[1 - Suricata-Main] 2025-11-10 12:47:34 Info: cpu: CPUs/cores online: 22
[1 - Suricata-Main] 2025-11-10 12:47:34 Info: suricata: Setting engine mode to IDS mode by default
[1 - Suricata-Main] 2025-11-10 12:47:34 Info: exception-policy: master exception-policy set to: auto
[1 - Suricata-Main] 2025-11-10 12:47:34 Info: conf: Running in live mode, activating unix socket
[1 - Suricata-Main] 2025-11-10 12:47:34 Info: logopenfile: fast output device (regular) initialized: fast.log
[1 - Suricata-Main] 2025-11-10 12:47:34 Info: logopenfile: eve-log output device (regular) initialized: eve.json
[1 - Suricata-Main] 2025-11-10 12:47:34 Info: logopenfile: stats output device (regular) initialized: stats.log
[1 - Suricata-Main] 2025-11-10 12:47:34 Warning: detect: No rule files match the pattern /var/lib/suricata/rules/suricata.rules
[1 - Suricata-Main] 2025-11-10 12:47:34 Warning: detect: 1 rule files specified, but no rules were loaded!
[1 - Suricata-Main] 2025-11-10 12:47:34 Info: threshold-config: Threshold config parsed: 0 rule(s) found
[1 - Suricata-Main] 2025-11-10 12:47:34 Info: detect: 0 signatures processed. 0 are IP-only rules, 0 are inspecting packet payload, 0 inspect application layer, 0 are decoder event only
[1 - Suricata-Main] 2025-11-10 12:47:34 Notice: mpm-hs: Rule group caching - loaded: 0 newly cached: 0 total cacheable: 0
[1 - Suricata-Main] 2025-11-10 12:47:34 Info: unix-manager: unix socket '/var/run/suricata/suricata-command.socket'
[1 - Suricata-Main] 2025-11-10 12:47:34 Error: af-packet: eth1: failed to find interface type: No such device
[1 - Suricata-Main] 2025-11-10 12:47:34 Info: runmodes: eth1: creating 22 threads
[17 - W#01-eth1] 2025-11-10 12:47:34 Error: af-packet: eth1: failed to find interface: No such device
[17 - W#01-eth1] 2025-11-10 12:47:34 Error: af-packet: eth1: failed to init socket for interface
[1 - Suricata-Main] 2025-11-10 12:47:34 Error: threads: thread "W#01-eth1" failed to start: flags 0422
[1 - Suricata-Main] 2025-11-10 12:47:41 Notice: suricata: This is Suricata version 8.0.1 RELEASE running in SYSTEM mode
[1 - Suricata-Main] 2025-11-10 12:47:41 Info: cpu: CPUs/cores online: 22
[1 - Suricata-Main] 2025-11-10 12:47:41 Info: suricata: Setting engine mode to IDS mode by default
[1 - Suricata-Main] 2025-11-10 12:47:41 Info: exception-policy: master exception-policy set to: auto
[1 - Suricata-Main] 2025-11-10 12:47:41 Info: conf: Running in live mode, activating unix socket
[1 - Suricata-Main] 2025-11-10 12:47:41 Info: logopenfile: fast output device (regular) initialized: fast.log
[1 - Suricata-Main] 2025-11-10 12:47:41 Info: logopenfile: eve-log output device (regular) initialized: eve.json
[1 - Suricata-Main] 2025-11-10 12:47:41 Info: logopenfile: stats output device (regular) initialized: stats.log
[1 - Suricata-Main] 2025-11-10 12:47:41 Warning: detect: No rule files match the pattern /var/lib/suricata/rules/suricata.rules
[1 - Suricata-Main] 2025-11-10 12:47:41 Warning: detect: 1 rule files specified, but no rules were loaded!
[1 - Suricata-Main] 2025-11-10 12:47:41 Info: threshold-config: Threshold config parsed: 0 rule(s) found
[1 - Suricata-Main] 2025-11-10 12:47:41 Info: detect: 0 signatures processed. 0 are IP-only rules, 0 are inspecting packet payload, 0 inspect application layer, 0 are decoder event only
[1 - Suricata-Main] 2025-11-10 12:47:41 Notice: mpm-hs: Rule group caching - loaded: 0 newly cached: 0 total cacheable: 0
[1 - Suricata-Main] 2025-11-10 12:47:41 Info: unix-manager: unix socket '/var/run/suricata/suricata-command.socket'
[1 - Suricata-Main] 2025-11-10 12:47:41 Error: af-packet: eth1: failed to find interface type: No such device
[1 - Suricata-Main] 2025-11-10 12:47:41 Info: runmodes: eth1: creating 22 threads
[17 - W#01-eth1] 2025-11-10 12:47:42 Error: af-packet: eth1: failed to find interface: No such device
[17 - W#01-eth1] 2025-11-10 12:47:42 Error: af-packet: eth1: failed to init socket for interface
[1 - Suricata-Main] 2025-11-10 12:47:42 Error: threads: thread "W#01-eth1" failed to start: flags 0422
[1 - Suricata-Main] 2025-11-10 12:47:55 Notice: suricata: This is Suricata version 8.0.1 RELEASE running in SYSTEM mode
[1 - Suricata-Main] 2025-11-10 12:47:55 Info: cpu: CPUs/cores online: 22
[1 - Suricata-Main] 2025-11-10 12:47:55 Info: suricata: Setting engine mode to IDS mode by default
[1 - Suricata-Main] 2025-11-10 12:47:55 Info: exception-policy: master exception-policy set to: auto
[1 - Suricata-Main] 2025-11-10 12:47:55 Info: conf: Running in live mode, activating unix socket
[1 - Suricata-Main] 2025-11-10 12:47:55 Info: logopenfile: fast output device (regular) initialized: fast.log
[1 - Suricata-Main] 2025-11-10 12:47:55 Info: logopenfile: eve-log output device (regular) initialized: eve.json
[1 - Suricata-Main] 2025-11-10 12:47:55 Info: logopenfile: stats output device (regular) initialized: stats.log
[1 - Suricata-Main] 2025-11-10 12:47:55 Warning: detect: No rule files match the pattern /var/lib/suricata/rules/suricata.rules
[1 - Suricata-Main] 2025-11-10 12:47:55 Warning: detect: 1 rule files specified, but no rules were loaded!
[1 - Suricata-Main] 2025-11-10 12:47:55 Info: threshold-config: Threshold config parsed: 0 rule(s) found
[1 - Suricata-Main] 2025-11-10 12:47:55 Info: detect: 0 signatures processed. 0 are IP-only rules, 0 are inspecting packet payload, 0 inspect application layer, 0 are decoder event only
[1 - Suricata-Main] 2025-11-10 12:47:55 Notice: mpm-hs: Rule group caching - loaded: 0 newly cached: 0 total cacheable: 0
[1 - Suricata-Main] 2025-11-10 12:47:55 Info: unix-manager: unix socket '/var/run/suricata/suricata-command.socket'
[1 - Suricata-Main] 2025-11-10 12:47:55 Error: af-packet: eth1: failed to find interface type: No such device
[1 - Suricata-Main] 2025-11-10 12:47:55 Info: runmodes: eth1: creating 22 threads
[17 - W#01-eth1] 2025-11-10 12:47:55 Error: af-packet: eth1: failed to find interface: No such device
[17 - W#01-eth1] 2025-11-10 12:47:55 Error: af-packet: eth1: failed to init socket for interface
[1 - Suricata-Main] 2025-11-10 12:47:55 Error: threads: thread "W#01-eth1" failed to start: flags 0022
[1 - Suricata-Main] 2025-11-10 12:48:21 Notice: suricata: This is Suricata version 8.0.1 RELEASE running in SYSTEM mode
[1 - Suricata-Main] 2025-11-10 12:48:21 Info: cpu: CPUs/cores online: 22
[1 - Suricata-Main] 2025-11-10 12:48:21 Info: suricata: Setting engine mode to IDS mode by default
[1 - Suricata-Main] 2025-11-10 12:48:21 Info: exception-policy: master exception-policy set to: auto
[1 - Suricata-Main] 2025-11-10 12:48:21 Info: conf: Running in live mode, activating unix socket
[1 - Suricata-Main] 2025-11-10 12:48:21 Info: logopenfile: fast output device (regular) initialized: fast.log
[1 - Suricata-Main] 2025-11-10 12:48:21 Info: logopenfile: eve-log output device (regular) initialized: eve.json
[1 - Suricata-Main] 2025-11-10 12:48:21 Info: logopenfile: stats output device (regular) initialized: stats.log
[1 - Suricata-Main] 2025-11-10 12:48:21 Warning: detect: No rule files match the pattern /var/lib/suricata/rules/suricata.rules
[1 - Suricata-Main] 2025-11-10 12:48:21 Warning: detect: 1 rule files specified, but no rules were loaded!
[1 - Suricata-Main] 2025-11-10 12:48:21 Info: threshold-config: Threshold config parsed: 0 rule(s) found
[1 - Suricata-Main] 2025-11-10 12:48:21 Info: detect: 0 signatures processed. 0 are IP-only rules, 0 are inspecting packet payload, 0 inspect application layer, 0 are decoder event only
[1 - Suricata-Main] 2025-11-10 12:48:21 Notice: mpm-hs: Rule group caching - loaded: 0 newly cached: 0 total cacheable: 0
[1 - Suricata-Main] 2025-11-10 12:48:21 Info: unix-manager: unix socket '/var/run/suricata/suricata-command.socket'
[1 - Suricata-Main] 2025-11-10 12:48:21 Error: af-packet: eth1: failed to find interface type: No such device
[1 - Suricata-Main] 2025-11-10 12:48:21 Info: runmodes: eth1: creating 22 threads
[17 - W#01-eth1] 2025-11-10 12:48:22 Error: af-packet: eth1: failed to find interface: No such device
[17 - W#01-eth1] 2025-11-10 12:48:22 Error: af-packet: eth1: failed to init socket for interface
[1 - Suricata-Main] 2025-11-10 12:48:22 Error: threads: thread "W#01-eth1" failed to start: flags 0422
[1 - Suricata-Main] 2025-11-10 12:48:34 Notice: suricata: This is Suricata version 8.0.1 RELEASE running in SYSTEM mode
[1 - Suricata-Main] 2025-11-10 12:48:34 Info: cpu: CPUs/cores online: 22
[1 - Suricata-Main] 2025-11-10 12:48:34 Info: suricata: Setting engine mode to IDS mode by default
[1 - Suricata-Main] 2025-11-10 12:48:34 Info: exception-policy: master exception-policy set to: auto
[1 - Suricata-Main] 2025-11-10 12:48:34 Info: conf: Running in live mode, activating unix socket
[1 - Suricata-Main] 2025-11-10 12:48:34 Info: logopenfile: fast output device (regular) initialized: fast.log
[1 - Suricata-Main] 2025-11-10 12:48:34 Info: logopenfile: eve-log output device (regular) initialized: eve.json
[1 - Suricata-Main] 2025-11-10 12:48:34 Info: logopenfile: stats output device (regular) initialized: stats.log
[1 - Suricata-Main] 2025-11-10 12:48:34 Warning: detect: No rule files match the pattern /var/lib/suricata/rules/suricata.rules
[1 - Suricata-Main] 2025-11-10 12:48:34 Warning: detect: 1 rule files specified, but no rules were loaded!
[1 - Suricata-Main] 2025-11-10 12:48:34 Info: threshold-config: Threshold config parsed: 0 rule(s) found
[1 - Suricata-Main] 2025-11-10 12:48:34 Info: detect: 0 signatures processed. 0 are IP-only rules, 0 are inspecting packet payload, 0 inspect application layer, 0 are decoder event only
[1 - Suricata-Main] 2025-11-10 12:48:34 Notice: mpm-hs: Rule group caching - loaded: 0 newly cached: 0 total cacheable: 0
[1 - Suricata-Main] 2025-11-10 12:48:34 Info: unix-manager: unix socket '/var/run/suricata/suricata-command.socket'
[1 - Suricata-Main] 2025-11-10 12:48:34 Error: af-packet: eth1: failed to find interface type: No such device
[1 - Suricata-Main] 2025-11-10 12:48:34 Info: runmodes: eth1: creating 22 threads
[16 - W#01-eth1] 2025-11-10 12:48:34 Info: ioctl: eth1: MTU 9500
[1 - Suricata-Main] 2025-11-10 12:48:35 Notice: threads: Threads created -> W: 22 FM: 1 FR: 1   Engine started.
[16 - W#01-eth1] 2025-11-10 13:16:40 Warning: af-packet: eth1: failed to poll interface: Network is down
[18 - W#03-eth1] 2025-11-10 13:16:40 Warning: af-packet: eth1: failed to poll interface: Network is down
[19 - W#04-eth1] 2025-11-10 13:16:40 Warning: af-packet: eth1: failed to poll interface: Network is down
[23 - W#08-eth1] 2025-11-10 13:16:40 Warning: af-packet: eth1: failed to poll interface: Network is down
[20 - W#05-eth1] 2025-11-10 13:16:40 Warning: af-packet: eth1: failed to poll interface: Network is down
[24 - W#09-eth1] 2025-11-10 13:16:40 Warning: af-packet: eth1: failed to poll interface: Network is down
[25 - W#10-eth1] 2025-11-10 13:16:40 Warning: af-packet: eth1: failed to poll interface: Network is down
[26 - W#11-eth1] 2025-11-10 13:16:40 Warning: af-packet: eth1: failed to poll interface: Network is down
[29 - W#14-eth1] 2025-11-10 13:16:40 Warning: af-packet: eth1: failed to poll interface: Network is down
[30 - W#15-eth1] 2025-11-10 13:16:40 Warning: af-packet: eth1: failed to poll interface: Network is down
[31 - W#16-eth1] 2025-11-10 13:16:40 Warning: af-packet: eth1: failed to poll interface: Network is down
[32 - W#17-eth1] 2025-11-10 13:16:40 Warning: af-packet: eth1: failed to poll interface: Network is down
[34 - W#19-eth1] 2025-11-10 13:16:40 Warning: af-packet: eth1: failed to poll interface: Network is down
[33 - W#18-eth1] 2025-11-10 13:16:40 Warning: af-packet: eth1: failed to poll interface: Network is down
[35 - W#20-eth1] 2025-11-10 13:16:40 Warning: af-packet: eth1: failed to poll interface: Network is down
[36 - W#21-eth1] 2025-11-10 13:16:40 Warning: af-packet: eth1: failed to poll interface: Network is down
[37 - W#22-eth1] 2025-11-10 13:16:40 Warning: af-packet: eth1: failed to poll interface: Network is down
[21 - W#06-eth1] 2025-11-10 13:16:40 Warning: af-packet: eth1: failed to poll interface: Network is down
[28 - W#13-eth1] 2025-11-10 13:16:40 Warning: af-packet: eth1: failed to poll interface: Network is down
[22 - W#07-eth1] 2025-11-10 13:16:40 Warning: af-packet: eth1: failed to poll interface: Network is down
[17 - W#02-eth1] 2025-11-10 13:16:40 Warning: af-packet: eth1: failed to poll interface: Network is down
[27 - W#12-eth1] 2025-11-10 13:16:40 Warning: af-packet: eth1: failed to poll interface: Network is down
[1 - Suricata-Main] 2025-11-10 13:18:37 Notice: suricata: This is Suricata version 8.0.1 RELEASE running in SYSTEM mode
[1 - Suricata-Main] 2025-11-10 13:18:37 Info: cpu: CPUs/cores online: 22
[1 - Suricata-Main] 2025-11-10 13:18:37 Info: suricata: Setting engine mode to IDS mode by default
[1 - Suricata-Main] 2025-11-10 13:18:37 Info: exception-policy: master exception-policy set to: auto
[1 - Suricata-Main] 2025-11-10 13:18:38 Info: conf: Running in live mode, activating unix socket
[1 - Suricata-Main] 2025-11-10 13:18:38 Info: logopenfile: fast output device (regular) initialized: fast.log
[1 - Suricata-Main] 2025-11-10 13:18:38 Info: logopenfile: eve-log output device (regular) initialized: eve.json
[1 - Suricata-Main] 2025-11-10 13:18:38 Info: logopenfile: stats output device (regular) initialized: stats.log
[1 - Suricata-Main] 2025-11-10 13:18:38 Warning: detect: No rule files match the pattern /var/lib/suricata/rules/suricata.rules
[1 - Suricata-Main] 2025-11-10 13:18:38 Warning: detect: 1 rule files specified, but no rules were loaded!
[1 - Suricata-Main] 2025-11-10 13:18:38 Info: threshold-config: Threshold config parsed: 0 rule(s) found
[1 - Suricata-Main] 2025-11-10 13:18:38 Info: detect: 0 signatures processed. 0 are IP-only rules, 0 are inspecting packet payload, 0 inspect application layer, 0 are decoder event only
[1 - Suricata-Main] 2025-11-10 13:18:38 Notice: mpm-hs: Rule group caching - loaded: 0 newly cached: 0 total cacheable: 0
[1 - Suricata-Main] 2025-11-10 13:18:38 Info: unix-manager: unix socket '/var/run/suricata/suricata-command.socket'
[1 - Suricata-Main] 2025-11-10 13:18:38 Info: runmodes: eth1: creating 22 threads
[17 - W#01-eth1] 2025-11-10 13:18:38 Info: ioctl: eth1: MTU 9500
[1 - Suricata-Main] 2025-11-10 13:18:39 Notice: threads: Threads created -> W: 22 FM: 1 FR: 1   Engine started.
